<?xml version="1.0" encoding="UTF-8"?>
<testng-results ignored="0" total="2" passed="2" failed="0" skipped="0">
  <reporter-output>
  </reporter-output>
  <suite started-at="2024-09-12T10:42:05 IST" name="Suite" finished-at="2024-09-12T10:42:42 IST" duration-ms="37490">
    <groups>
    </groups>
    <test started-at="2024-09-12T10:42:05 IST" name="Test" finished-at="2024-09-12T10:42:42 IST" duration-ms="37490">
      <class name="testCases.TC_001_CreateCompanyUser">
        <test-method is-config="true" signature="setup(java.lang.String,java.lang.String)[pri:0, instance:testCases.TC_001_CreateCompanyUser@758705fa]" started-at="2024-09-12T10:42:20 IST" name="setup" finished-at="2024-09-12T10:42:30 IST" duration-ms="10344" status="PASS">
          <params>
            <param index="0">
              <value>
                <![CDATA[Windows]]>
              </value>
            </param>
            <param index="1">
              <value>
                <![CDATA[chrome]]>
              </value>
            </param>
          </params>
          <reporter-output>
          </reporter-output>
        </test-method> <!-- setup -->
        <test-method signature="create_company_user()[pri:0, instance:testCases.TC_001_CreateCompanyUser@758705fa]" started-at="2024-09-12T10:42:30 IST" name="create_company_user" finished-at="2024-09-12T10:42:42 IST" duration-ms="11690" status="PASS">
          <reporter-output>
          </reporter-output>
        </test-method> <!-- create_company_user -->
      </class> <!-- testCases.TC_001_CreateCompanyUser -->
      <class name="testCases.TC_002_LoginPage">
        <test-method is-config="true" signature="setup(java.lang.String,java.lang.String)[pri:0, instance:testCases.TC_002_LoginPage@13f95696]" started-at="2024-09-12T10:42:05 IST" name="setup" finished-at="2024-09-12T10:42:18 IST" duration-ms="12842" status="PASS">
          <params>
            <param index="0">
              <value>
                <![CDATA[Windows]]>
              </value>
            </param>
            <param index="1">
              <value>
                <![CDATA[chrome]]>
              </value>
            </param>
          </params>
          <reporter-output>
          </reporter-output>
        </test-method> <!-- setup -->
        <test-method signature="login_page()[pri:0, instance:testCases.TC_002_LoginPage@13f95696]" started-at="2024-09-12T10:42:18 IST" name="login_page" finished-at="2024-09-12T10:42:20 IST" duration-ms="1660" status="PASS">
          <reporter-output>
          </reporter-output>
        </test-method> <!-- login_page -->
      </class> <!-- testCases.TC_002_LoginPage -->
    </test> <!-- Test -->
  </suite> <!-- Suite -->
</testng-results>
