<?xml version="1.0" encoding="UTF-8"?>
<testng-results ignored="0" total="2" passed="2" failed="0" skipped="0">
  <reporter-output>
  </reporter-output>
  <suite started-at="2024-09-17T09:05:37 IST" name="Suite" finished-at="2024-09-17T09:06:11 IST" duration-ms="34563">
    <groups>
    </groups>
    <test started-at="2024-09-17T09:05:37 IST" name="Test" finished-at="2024-09-17T09:06:11 IST" duration-ms="34563">
      <class name="testCases.TC_001_CreateCompanyUser">
        <test-method is-config="true" signature="setup(java.lang.String,java.lang.String)[pri:0, instance:testCases.TC_001_CreateCompanyUser@758705fa]" started-at="2024-09-17T09:05:49 IST" name="setup" finished-at="2024-09-17T09:06:04 IST" duration-ms="15549" status="PASS">
          <params>
            <param index="0">
              <value>
                <![CDATA[Windows]]>
              </value>
            </param>
            <param index="1">
              <value>
                <![CDATA[chrome]]>
              </value>
            </param>
          </params>
          <reporter-output>
          </reporter-output>
        </test-method> <!-- setup -->
        <test-method signature="create_company_user()[pri:0, instance:testCases.TC_001_CreateCompanyUser@758705fa]" started-at="2024-09-17T09:06:04 IST" name="create_company_user" finished-at="2024-09-17T09:06:11 IST" duration-ms="6859" status="PASS">
          <reporter-output>
          </reporter-output>
        </test-method> <!-- create_company_user -->
      </class> <!-- testCases.TC_001_CreateCompanyUser -->
      <class name="testCases.TC_002_LoginPage">
        <test-method is-config="true" signature="setup(java.lang.String,java.lang.String)[pri:0, instance:testCases.TC_002_LoginPage@13f95696]" started-at="2024-09-17T09:05:37 IST" name="setup" finished-at="2024-09-17T09:05:48 IST" duration-ms="11001" status="PASS">
          <params>
            <param index="0">
              <value>
                <![CDATA[Windows]]>
              </value>
            </param>
            <param index="1">
              <value>
                <![CDATA[chrome]]>
              </value>
            </param>
          </params>
          <reporter-output>
          </reporter-output>
        </test-method> <!-- setup -->
        <test-method signature="login_page()[pri:0, instance:testCases.TC_002_LoginPage@13f95696]" started-at="2024-09-17T09:05:48 IST" name="login_page" finished-at="2024-09-17T09:05:49 IST" duration-ms="740" status="PASS">
          <reporter-output>
          </reporter-output>
        </test-method> <!-- login_page -->
      </class> <!-- testCases.TC_002_LoginPage -->
    </test> <!-- Test -->
  </suite> <!-- Suite -->
</testng-results>
